<?xml version="1.0" encoding="UTF-8" standalone="no"?>
<Entitati>
    <nota IDStudent="aaa112" IDTema="1">
        <Nota>10.0</Nota>
        <SaptamanaPredare>10</SaptamanaPredare>
        <Feedback>Ia-ti familia si fa 3 ture</Feedback>
    </nota>
</Entitati>
