<?xml version="1.0" encoding="UTF-8" standalone="no"?>
<Entitati>
    <tema ID="1">
        <Descriere>Pentru 5</Descriere>
        <Deadline>10</Deadline>
        <Startline>7</Startline>
    </tema>
</Entitati>
