<?xml version="1.0" encoding="UTF-8" standalone="no"?>
<Entitati>
    <student ID="aaa1111">
        <Nume>Balea Alexandru</Nume>
        <Grupa>931</Grupa>
    </student>
    <student ID="aaa1113">
        <Nume>Balea Alexandru 121312312</Nume>
        <Grupa>931</Grupa>
    </student>
</Entitati>
